<?xml version="1.0" encoding="UTF-8"?>
<testng-results skipped="0" failed="0" ignored="0" total="1" passed="1">
  <reporter-output>
  </reporter-output>
  <suite name="Default suite" duration-ms="4422" started-at="2019-04-01T10:26:22Z" finished-at="2019-04-01T10:26:27Z">
    <groups>
    </groups>
    <test name="Default test" duration-ms="4422" started-at="2019-04-01T10:26:22Z" finished-at="2019-04-01T10:26:27Z">
      <class name="SimpleGetTest">
        <test-method status="PASS" signature="GetWeatherDetails()[pri:0, instance:SimpleGetTest@20e2cbe0]" name="GetWeatherDetails" duration-ms="4371" started-at="2019-04-01T10:26:22Z" finished-at="2019-04-01T10:26:27Z">
          <reporter-output>
          </reporter-output>
        </test-method> <!-- GetWeatherDetails -->
      </class> <!-- SimpleGetTest -->
    </test> <!-- Default test -->
  </suite> <!-- Default suite -->
</testng-results>
